Running: /opt/Xilinx/14.7/ISE_DS/ISE/bin/lin64/unwrapped/fuse -intstyle ise -incremental -o /home/slaventy/projects/des_box/des_box_tb_isim_beh.exe -prj /home/slaventy/projects/des_box/des_box_tb_beh.prj work.des_box_tb 
ISim P.20131013 (signature 0xfbc00daa)
Number of CPUs detected in this system: 4
Turning on mult-threading, number of parallel sub-compilation jobs: 8 
Determining compilation order of HDL files
Parsing VHDL file "/home/slaventy/projects/des_box/des_box.vhd" into library work
Parsing VHDL file "/home/slaventy/projects/des_box/des_box_tb.vhd" into library work
Starting static elaboration
Completed static elaboration
Fuse Memory Usage: 83260 KB
Fuse CPU Usage: 1960 ms
Compiling package standard
Compiling package std_logic_1164
Compiling architecture behavioral of entity des_box [des_box_default]
Compiling architecture behavior of entity des_box_tb
Time Resolution for simulation is 1ps.
Waiting for 1 sub-compilation(s) to finish...
Compiled 5 VHDL Units
Built simulation executable /home/slaventy/projects/des_box/des_box_tb_isim_beh.exe
Fuse Memory Usage: 649032 KB
Fuse CPU Usage: 1990 ms
GCC CPU Usage: 370 ms
